
1/10/2016, 12:44:27 PM

Operating System
  Name                        = Microsoft Windows 7 Professional
  Version                     = 6.1.7601
  Architecture                = 32bit
  # CPUs                      = 4
  Memory                      = 12793790464

Node.js
  Node.js Version             = 0.12.7
  npm Version                 = 2.11.3

Titanium CLI
  CLI Version                 = 5.0.5

Titanium SDK
  SDK Version                 = 5.1.1.GA
  SDK Path                    = C:\ProgramData\Titanium\mobilesdk\win32\5.1.1.GA
  Target Platform             = mobileweb

Command
  node C:\Users\aseem\.appcelerator\install\5.1.0\package\node_modules\appc-cli-titanium\node_modules\titanium\bin\titanium build --platform mobileweb --log-level trace --sdk 5.1.1.GA --project-dir C:\Aseem\Titanium\vault --deploy-type development --skip-js-minify --no-colors --no-progress-bars --no-prompt --prompt-type socket-bundle --prompt-port 49733 --plugin-paths C:\Users\aseem\.appcelerator\install\5.1.0\package\node_modules --config-file C:\Users\aseem\AppData\Local\Temp\build-1452410054033.json --no-banner

[DEBUG]  Detecting modules in C:\ProgramData\Application Data\Titanium\modules
[DEBUG]  Detected android module: facebook 4.0.5 @ C:\ProgramData\Application Data\Titanium\modules\android\facebook\4.0.5
[DEBUG]  Detected android module: ti.cloudpush 3.4.0 @ C:\ProgramData\Application Data\Titanium\modules\android\ti.cloudpush\3.4.0
[DEBUG]  Detected android module: ti.map 2.3.4 @ C:\ProgramData\Application Data\Titanium\modules\android\ti.map\2.3.4
[DEBUG]  Detected commonjs module: ti.cloud 3.2.9 @ C:\ProgramData\Application Data\Titanium\modules\commonjs\ti.cloud\3.2.9
[DEBUG]  Detecting modules in C:\ProgramData\Titanium\modules
[DEBUG]  Detected android module: facebook 4.0.5 @ C:\ProgramData\Titanium\modules\android\facebook\4.0.5
[DEBUG]  Detected android module: ti.cloudpush 3.4.0 @ C:\ProgramData\Titanium\modules\android\ti.cloudpush\3.4.0
[DEBUG]  Detected android module: ti.map 2.3.4 @ C:\ProgramData\Titanium\modules\android\ti.map\2.3.4
[DEBUG]  Detected commonjs module: ti.cloud 3.2.9 @ C:\ProgramData\Titanium\modules\commonjs\ti.cloud\3.2.9
[DEBUG]  Looking for Titanium module id=ti.cloud version=latest platform=commonjs deploy-type=development
[INFO]   Found Titanium module id=ti.cloud version=3.2.9 platform=commonjs deploy-type=development path=C:\ProgramData\Application Data\Titanium\modules\commonjs\ti.cloud\3.2.9
[DEBUG]  No project level plugins to load
[TRACE]  Snapshotting build directory
[INFO]   Compiling "development" build
[INFO]   Reading Titanium Mobile Web package.json file
[INFO]   Validating theme
[DEBUG]  Using default theme
[TRACE]  offline build file C:\Users\aseem\AppData\Local\Temp\build-0df8f6da79b65008f34ce369afea859d7c4ac242.json
[TRACE]  online 1
[TRACE]  last build was 227328.951 sec ago, need a re-verify and re-build
[TRACE]  sending request {"json":{"username":"aseemsethi@yahoo.com","session":"0ec405257744148f47fbb24d21ef1650be922974 YQQ2xx6fSDWzD4vuKo1G3Xs9BrgTf60DlejGKGjVxlLxL0S7IVyorhz2UTlwcYrroy1ZZfKOUOGjwhZtQPgllDB9rtJQcl4IJlhyMPReAnpfkSDxikRn/zSWLmLDbgZCISH1Nr5BIqQbm/vEf42KUdruFbDt/CU9yVoezEDacCleXA2sEEpWFTnp/Pt8RUv99xzAPr8h5LaAjkWx0JJTn5uD9aaFX0OCehTsuv09UbMYca8/N41nlPUDYNl5jCXakxe7qZKcN330Ew6GLBlIxuPrk7Oi5wIWXVCJmyhOMU4a0bQtSGKts0NK1ev5Xm2zTYu6L9oPQljkbWmVhJ212SFk4JyyYtms6vbgchizBb880nmuSxQbsStW3AgqWgWpmRMS0WBz9sTto5s69ACoYhZcEMd8Z2xVXJjPFeXkSnpQiEX/9PjU0XXzqWtfMrDOtsewjs7HFGDqQ4s9l9JTK14VWD5Kqv5CGADR6mQWKc+lsCbFDzVtmjQSsK7bDnXdQyrqVXHRhTPcBdMCda/7CtyI2uSKEEEo2/hM4fj6R3qUwTtXJlclgwRs5TbEZLGLVE0yCbpYwJcxNtou3KjrsfhuEEF3FW6pmIoRTfmS7IeB59w1SiOmdBE81jm91Rnx+asf5O4Rhm6/gvz/eZD0W1ERMy8pQqB6505JDyM0s787T+udUP4iTQzkTGJFm9dnEjheB11Ke/3WkQv5dQY0HnqponiHn9cIoqtrOlhUJEilX2Rq3x8RapVJoebYPHhwDLmHLILK0rpmknBs9oL7FA==","ipaddress":"192.168.1.102","fingerprint":"6d8c54546d05cf50973bffe5ce1ca50ee794f094","fingerprint_description":"Windows Machine ID: e63e27ab-8753-44f1-8090-22f73ec2ccfb","guid":"8b6868c8-ed07-4173-9888-95cdf14e8150","appid":"com.aseemsethi.vault","name":"vault","org_id":100089382,"deploytype":"development","tiappxml":"<?xml version=\"1.0\" encoding=\"UTF-8\"?>\n<ti:app \n  xmlns:ti=\"http://ti.appcelerator.org\">\n  <id>com.aseemsethi.vault</id>\n  <name>vault</name>\n  <version>1.0</version>\n  <publisher>aseem</publisher>\n  <url>http://www.aseemsethi.com</url>\n  <description/>\n  <copyright>2016 by aseem</copyright>\n  <icon>secret1.jpg</icon>\n  <fullscreen>false</fullscreen>\n  <navbar-hidden>false</navbar-hidden>\n  <analytics>true</analytics>\n  <guid>8b6868c8-ed07-4173-9888-95cdf14e8150</guid>\n  <property name=\"ti.ui.defaultunit\" type=\"string\">dp</property>\n  <ios>\n    <plist>\n      <dict>\n        <key>UISupportedInterfaceOrientations~iphone</key>\n        <array>\n          <string>UIInterfaceOrientationPortrait</string>\n        </array>\n        <key>UISupportedInterfaceOrientations~ipad</key>\n        <array>\n          <string>UIInterfaceOrientationPortrait</string>\n          <string>UIInterfaceOrientationPortraitUpsideDown</string>\n          <string>UIInterfaceOrientationLandscapeLeft</string>\n          <string>UIInterfaceOrientationLandscapeRight</string>\n        </array>\n        <key>UIRequiresPersistentWiFi</key>\n        <false/>\n        <key>UIPrerenderedIcon</key>\n        <false/>\n        <key>UIStatusBarHidden</key>\n        <false/>\n        <key>UIStatusBarStyle</key>\n        <string>UIStatusBarStyleDefault</string>\n      </dict>\n    </plist>\n  </ios>\n  <android \n    xmlns:android=\"http://schemas.android.com/apk/res/android\"/>\n    <mobileweb>\n      <precache/>\n      <splash>\n        <enabled>true</enabled>\n        <inline-css-images>true</inline-css-images>\n      </splash>\n      <theme>default</theme>\n    </mobileweb>\n    <modules>\n      <module platform=\"commonjs\">ti.cloud</module>\n    </modules>\n    <deployment-targets>\n      <target device=\"iphone\">false</target>\n      <target device=\"ipad\">false</target>\n      <target device=\"android\">true</target>\n      <target device=\"mobileweb\">true</target>\n      <target device=\"windows\">false</target>\n    </deployment-targets>\n    <sdk-version>5.1.1.GA</sdk-version>\n    <property name=\"appc-app-id\" type=\"string\">568ce9984d9bafb37cede34e</property>\n    <property name=\"acs-authbase-url-development\" type=\"string\">***</property>\n    <property name=\"acs-base-url-development\" type=\"string\">***</property>\n    <property name=\"acs-oauth-secret-development\" type=\"string\">***</property>\n    <property name=\"acs-oauth-key-development\" type=\"string\">***</property>\n    <property name=\"acs-api-key-development\" type=\"string\">***</property>\n    <property name=\"acs-username-development\" type=\"string\">***</property>\n    <property name=\"acs-password-development\" type=\"string\">***</property>\n    <property name=\"acs-authbase-url-production\" type=\"string\">***</property>\n    <property name=\"acs-base-url-production\" type=\"string\">***</property>\n    <property name=\"acs-oauth-secret-production\" type=\"string\">***</property>\n    <property name=\"acs-oauth-key-production\" type=\"string\">***</property>\n    <property name=\"acs-api-key-production\" type=\"string\">***</property>\n    <property name=\"acs-username-production\" type=\"string\">***</property>\n    <property name=\"acs-password-production\" type=\"string\">***</property>\n    <property name=\"appc-org-id\" type=\"string\">100089382</property>\n    <property name=\"appc-creator-user-id\" type=\"string\">a4bd8d27-7a9f-4527-ba1f-9f90b30fab50</property>\n  </ti:app>","modules":[{"id":"ti.cloud","platform":["commonjs"],"deployType":["development"],"modulePath":"C:\\ProgramData\\Application Data\\Titanium\\modules\\commonjs\\ti.cloud\\3.2.9","version":"3.2.9","manifest":{"version":"3.2.9","description":"Appcelerator Cloud Services","author":"Dawson Toth, Jeff English, Jon Alter, Paul Lv, Michael Goff, and Pedro Enrique","license":"Appcelerator Commercial License","copyright":"Copyright (c) 2011-2014 by Appcelerator,  Inc.","name":"ti.cloud","moduleid":"ti.cloud","guid":"1056b5d2-2bb5-4339-b930-297637aeec4e","platform":"commonjs","minsdk":"2.1.0"}}]},"gzip":true,"followAllRedirects":true,"url":"https://security.appcelerator.com/build-verify"}
[TRACE]  result from /build-verify=> {"key":"KHPCg0zyXeNlzIWXPzc4mw==","pepper":"UhrdDKFA/QuPg6lQLc8tKg==","hmacKey":"PsV+PMH8MOEvuMyhhwQODA==","o":100089382,"u":"a4bd8d27-7a9f-4527-ba1f-9f90b30fab50","p":"free","i":"569204d50d4a87090b7d8d8d","success":true}, err=null
[INFO]   JavaScript files need to be encrypted
[DEBUG]  Deleting existing build directory
[INFO]   Copying project files
[DEBUG]  Copying C:\ProgramData\Titanium\mobilesdk\win32\5.1.1.GA\mobileweb\titanium/dependencies.json => C:\Aseem\Titanium\vault\build\mobileweb\titanium/dependencies.json
[DEBUG]  Copying C:\ProgramData\Titanium\mobilesdk\win32\5.1.1.GA\mobileweb\titanium/package.json => C:\Aseem\Titanium\vault\build\mobileweb\titanium/package.json
[DEBUG]  Copying C:\ProgramData\Titanium\mobilesdk\win32\5.1.1.GA\mobileweb\titanium/Ti/Accelerometer.js => C:\Aseem\Titanium\vault\build\mobileweb\titanium/Ti/Accelerometer.js
[DEBUG]  Copying C:\ProgramData\Titanium\mobilesdk\win32\5.1.1.GA\mobileweb\titanium/Ti/Analytics.js => C:\Aseem\Titanium\vault\build\mobileweb\titanium/Ti/Analytics.js
[DEBUG]  Copying C:\ProgramData\Titanium\mobilesdk\win32\5.1.1.GA\mobileweb\titanium/Ti/API.js => C:\Aseem\Titanium\vault\build\mobileweb\titanium/Ti/API.js
[DEBUG]  Copying C:\ProgramData\Titanium\mobilesdk\win32\5.1.1.GA\mobileweb\titanium/Ti/App/Properties.js => C:\Aseem\Titanium\vault\build\mobileweb\titanium/Ti/App/Properties.js
[DEBUG]  Copying C:\ProgramData\Titanium\mobilesdk\win32\5.1.1.GA\mobileweb\titanium/Ti/App.js => C:\Aseem\Titanium\vault\build\mobileweb\titanium/Ti/App.js
[DEBUG]  Copying C:\ProgramData\Titanium\mobilesdk\win32\5.1.1.GA\mobileweb\titanium/Ti/Blob.js => C:\Aseem\Titanium\vault\build\mobileweb\titanium/Ti/Blob.js
[DEBUG]  Copying C:\ProgramData\Titanium\mobilesdk\win32\5.1.1.GA\mobileweb\titanium/Ti/BlobStream.js => C:\Aseem\Titanium\vault\build\mobileweb\titanium/Ti/BlobStream.js
[DEBUG]  Copying C:\ProgramData\Titanium\mobilesdk\win32\5.1.1.GA\mobileweb\titanium/Ti/Buffer.js => C:\Aseem\Titanium\vault\build\mobileweb\titanium/Ti/Buffer.js
[DEBUG]  Copying C:\ProgramData\Titanium\mobilesdk\win32\5.1.1.GA\mobileweb\titanium/Ti/BufferStream.js => C:\Aseem\Titanium\vault\build\mobileweb\titanium/Ti/BufferStream.js
[DEBUG]  Copying C:\ProgramData\Titanium\mobilesdk\win32\5.1.1.GA\mobileweb\titanium/Ti/Codec.js => C:\Aseem\Titanium\vault\build\mobileweb\titanium/Ti/Codec.js
[DEBUG]  Copying C:\ProgramData\Titanium\mobilesdk\win32\5.1.1.GA\mobileweb\titanium/Ti/Facebook/LoginButton.js => C:\Aseem\Titanium\vault\build\mobileweb\titanium/Ti/Facebook/LoginButton.js
[DEBUG]  Copying C:\ProgramData\Titanium\mobilesdk\win32\5.1.1.GA\mobileweb\titanium/Ti/Facebook.js => C:\Aseem\Titanium\vault\build\mobileweb\titanium/Ti/Facebook.js
[DEBUG]  Copying C:\ProgramData\Titanium\mobilesdk\win32\5.1.1.GA\mobileweb\titanium/Ti/Filesystem/File.js => C:\Aseem\Titanium\vault\build\mobileweb\titanium/Ti/Filesystem/File.js
[DEBUG]  Copying C:\ProgramData\Titanium\mobilesdk\win32\5.1.1.GA\mobileweb\titanium/Ti/Filesystem/FileStream.js => C:\Aseem\Titanium\vault\build\mobileweb\titanium/Ti/Filesystem/FileStream.js
[DEBUG]  Copying C:\ProgramData\Titanium\mobilesdk\win32\5.1.1.GA\mobileweb\titanium/Ti/Filesystem.js => C:\Aseem\Titanium\vault\build\mobileweb\titanium/Ti/Filesystem.js
[DEBUG]  Copying C:\ProgramData\Titanium\mobilesdk\win32\5.1.1.GA\mobileweb\titanium/Ti/Geolocation.js => C:\Aseem\Titanium\vault\build\mobileweb\titanium/Ti/Geolocation.js
[DEBUG]  Copying C:\ProgramData\Titanium\mobilesdk\win32\5.1.1.GA\mobileweb\titanium/Ti/Gesture.js => C:\Aseem\Titanium\vault\build\mobileweb\titanium/Ti/Gesture.js
[DEBUG]  Copying C:\ProgramData\Titanium\mobilesdk\win32\5.1.1.GA\mobileweb\titanium/Ti/IOStream.js => C:\Aseem\Titanium\vault\build\mobileweb\titanium/Ti/IOStream.js
[DEBUG]  Copying C:\ProgramData\Titanium\mobilesdk\win32\5.1.1.GA\mobileweb\titanium/Ti/Locale.js => C:\Aseem\Titanium\vault\build\mobileweb\titanium/Ti/Locale.js
[DEBUG]  Copying C:\ProgramData\Titanium\mobilesdk\win32\5.1.1.GA\mobileweb\titanium/Ti/Map/Annotation.js => C:\Aseem\Titanium\vault\build\mobileweb\titanium/Ti/Map/Annotation.js
[DEBUG]  Copying C:\ProgramData\Titanium\mobilesdk\win32\5.1.1.GA\mobileweb\titanium/Ti/Map/View.js => C:\Aseem\Titanium\vault\build\mobileweb\titanium/Ti/Map/View.js
[DEBUG]  Copying C:\ProgramData\Titanium\mobilesdk\win32\5.1.1.GA\mobileweb\titanium/Ti/Map.js => C:\Aseem\Titanium\vault\build\mobileweb\titanium/Ti/Map.js
[DEBUG]  Copying C:\ProgramData\Titanium\mobilesdk\win32\5.1.1.GA\mobileweb\titanium/Ti/Media/AudioPlayer.js => C:\Aseem\Titanium\vault\build\mobileweb\titanium/Ti/Media/AudioPlayer.js
[DEBUG]  Copying C:\ProgramData\Titanium\mobilesdk\win32\5.1.1.GA\mobileweb\titanium/Ti/Media/Sound.js => C:\Aseem\Titanium\vault\build\mobileweb\titanium/Ti/Media/Sound.js
[DEBUG]  Copying C:\ProgramData\Titanium\mobilesdk\win32\5.1.1.GA\mobileweb\titanium/Ti/Media/VideoPlayer.js => C:\Aseem\Titanium\vault\build\mobileweb\titanium/Ti/Media/VideoPlayer.js
[DEBUG]  Copying C:\ProgramData\Titanium\mobilesdk\win32\5.1.1.GA\mobileweb\titanium/Ti/Media.js => C:\Aseem\Titanium\vault\build\mobileweb\titanium/Ti/Media.js
[DEBUG]  Copying C:\ProgramData\Titanium\mobilesdk\win32\5.1.1.GA\mobileweb\titanium/Ti/Network/HTTPClient.js => C:\Aseem\Titanium\vault\build\mobileweb\titanium/Ti/Network/HTTPClient.js
[DEBUG]  Copying C:\ProgramData\Titanium\mobilesdk\win32\5.1.1.GA\mobileweb\titanium/Ti/Network.js => C:\Aseem\Titanium\vault\build\mobileweb\titanium/Ti/Network.js
[DEBUG]  Copying C:\ProgramData\Titanium\mobilesdk\win32\5.1.1.GA\mobileweb\titanium/Ti/Platform/DisplayCaps.js => C:\Aseem\Titanium\vault\build\mobileweb\titanium/Ti/Platform/DisplayCaps.js
[DEBUG]  Copying C:\ProgramData\Titanium\mobilesdk\win32\5.1.1.GA\mobileweb\titanium/Ti/Platform.js => C:\Aseem\Titanium\vault\build\mobileweb\titanium/Ti/Platform.js
[DEBUG]  Copying C:\ProgramData\Titanium\mobilesdk\win32\5.1.1.GA\mobileweb\titanium/Ti/UI/2DMatrix.js => C:\Aseem\Titanium\vault\build\mobileweb\titanium/Ti/UI/2DMatrix.js
[DEBUG]  Copying C:\ProgramData\Titanium\mobilesdk\win32\5.1.1.GA\mobileweb\titanium/Ti/UI/ActivityIndicator.js => C:\Aseem\Titanium\vault\build\mobileweb\titanium/Ti/UI/ActivityIndicator.js
[DEBUG]  Copying C:\ProgramData\Titanium\mobilesdk\win32\5.1.1.GA\mobileweb\titanium/Ti/UI/ActivityIndicatorStyle.js => C:\Aseem\Titanium\vault\build\mobileweb\titanium/Ti/UI/ActivityIndicatorStyle.js
[DEBUG]  Copying C:\ProgramData\Titanium\mobilesdk\win32\5.1.1.GA\mobileweb\titanium/Ti/UI/AlertDialog.js => C:\Aseem\Titanium\vault\build\mobileweb\titanium/Ti/UI/AlertDialog.js
[DEBUG]  Copying C:\ProgramData\Titanium\mobilesdk\win32\5.1.1.GA\mobileweb\titanium/Ti/UI/Animation.js => C:\Aseem\Titanium\vault\build\mobileweb\titanium/Ti/UI/Animation.js
[DEBUG]  Copying C:\ProgramData\Titanium\mobilesdk\win32\5.1.1.GA\mobileweb\titanium/Ti/UI/Button.js => C:\Aseem\Titanium\vault\build\mobileweb\titanium/Ti/UI/Button.js
[DEBUG]  Copying C:\ProgramData\Titanium\mobilesdk\win32\5.1.1.GA\mobileweb\titanium/Ti/UI/Clipboard.js => C:\Aseem\Titanium\vault\build\mobileweb\titanium/Ti/UI/Clipboard.js
[DEBUG]  Copying C:\ProgramData\Titanium\mobilesdk\win32\5.1.1.GA\mobileweb\titanium/Ti/UI/EmailDialog.js => C:\Aseem\Titanium\vault\build\mobileweb\titanium/Ti/UI/EmailDialog.js
[DEBUG]  Copying C:\ProgramData\Titanium\mobilesdk\win32\5.1.1.GA\mobileweb\titanium/Ti/UI/ImageView.js => C:\Aseem\Titanium\vault\build\mobileweb\titanium/Ti/UI/ImageView.js
[DEBUG]  Copying C:\ProgramData\Titanium\mobilesdk\win32\5.1.1.GA\mobileweb\titanium/Ti/UI/Label.js => C:\Aseem\Titanium\vault\build\mobileweb\titanium/Ti/UI/Label.js
[DEBUG]  Copying C:\ProgramData\Titanium\mobilesdk\win32\5.1.1.GA\mobileweb\titanium/Ti/UI/MobileWeb/NavigationGroup.js => C:\Aseem\Titanium\vault\build\mobileweb\titanium/Ti/UI/MobileWeb/NavigationGroup.js
[DEBUG]  Copying C:\ProgramData\Titanium\mobilesdk\win32\5.1.1.GA\mobileweb\titanium/Ti/UI/MobileWeb/TableViewSeparatorStyle.js => C:\Aseem\Titanium\vault\build\mobileweb\titanium/Ti/UI/MobileWeb/TableViewSeparatorStyle.js
[DEBUG]  Copying C:\ProgramData\Titanium\mobilesdk\win32\5.1.1.GA\mobileweb\titanium/Ti/UI/MobileWeb.js => C:\Aseem\Titanium\vault\build\mobileweb\titanium/Ti/UI/MobileWeb.js
[DEBUG]  Copying C:\ProgramData\Titanium\mobilesdk\win32\5.1.1.GA\mobileweb\titanium/Ti/UI/OptionDialog.js => C:\Aseem\Titanium\vault\build\mobileweb\titanium/Ti/UI/OptionDialog.js
[DEBUG]  Copying C:\ProgramData\Titanium\mobilesdk\win32\5.1.1.GA\mobileweb\titanium/Ti/UI/Picker.js => C:\Aseem\Titanium\vault\build\mobileweb\titanium/Ti/UI/Picker.js
[DEBUG]  Copying C:\ProgramData\Titanium\mobilesdk\win32\5.1.1.GA\mobileweb\titanium/Ti/UI/PickerColumn.js => C:\Aseem\Titanium\vault\build\mobileweb\titanium/Ti/UI/PickerColumn.js
[DEBUG]  Copying C:\ProgramData\Titanium\mobilesdk\win32\5.1.1.GA\mobileweb\titanium/Ti/UI/PickerRow.js => C:\Aseem\Titanium\vault\build\mobileweb\titanium/Ti/UI/PickerRow.js
[DEBUG]  Copying C:\ProgramData\Titanium\mobilesdk\win32\5.1.1.GA\mobileweb\titanium/Ti/UI/ProgressBar.js => C:\Aseem\Titanium\vault\build\mobileweb\titanium/Ti/UI/ProgressBar.js
[DEBUG]  Copying C:\ProgramData\Titanium\mobilesdk\win32\5.1.1.GA\mobileweb\titanium/Ti/UI/ScrollableView.js => C:\Aseem\Titanium\vault\build\mobileweb\titanium/Ti/UI/ScrollableView.js
[DEBUG]  Copying C:\ProgramData\Titanium\mobilesdk\win32\5.1.1.GA\mobileweb\titanium/Ti/UI/ScrollView.js => C:\Aseem\Titanium\vault\build\mobileweb\titanium/Ti/UI/ScrollView.js
[DEBUG]  Copying C:\ProgramData\Titanium\mobilesdk\win32\5.1.1.GA\mobileweb\titanium/Ti/UI/Slider.js => C:\Aseem\Titanium\vault\build\mobileweb\titanium/Ti/UI/Slider.js
[DEBUG]  Copying C:\ProgramData\Titanium\mobilesdk\win32\5.1.1.GA\mobileweb\titanium/Ti/UI/Switch.js => C:\Aseem\Titanium\vault\build\mobileweb\titanium/Ti/UI/Switch.js
[DEBUG]  Copying C:\ProgramData\Titanium\mobilesdk\win32\5.1.1.GA\mobileweb\titanium/Ti/UI/Tab.js => C:\Aseem\Titanium\vault\build\mobileweb\titanium/Ti/UI/Tab.js
[DEBUG]  Copying C:\ProgramData\Titanium\mobilesdk\win32\5.1.1.GA\mobileweb\titanium/Ti/UI/TabGroup.js => C:\Aseem\Titanium\vault\build\mobileweb\titanium/Ti/UI/TabGroup.js
[DEBUG]  Copying C:\ProgramData\Titanium\mobilesdk\win32\5.1.1.GA\mobileweb\titanium/Ti/UI/TableView.js => C:\Aseem\Titanium\vault\build\mobileweb\titanium/Ti/UI/TableView.js
[DEBUG]  Copying C:\ProgramData\Titanium\mobilesdk\win32\5.1.1.GA\mobileweb\titanium/Ti/UI/TableViewRow.js => C:\Aseem\Titanium\vault\build\mobileweb\titanium/Ti/UI/TableViewRow.js
[DEBUG]  Copying C:\ProgramData\Titanium\mobilesdk\win32\5.1.1.GA\mobileweb\titanium/Ti/UI/TableViewSection.js => C:\Aseem\Titanium\vault\build\mobileweb\titanium/Ti/UI/TableViewSection.js
[DEBUG]  Copying C:\ProgramData\Titanium\mobilesdk\win32\5.1.1.GA\mobileweb\titanium/Ti/UI/TextArea.js => C:\Aseem\Titanium\vault\build\mobileweb\titanium/Ti/UI/TextArea.js
[DEBUG]  Copying C:\ProgramData\Titanium\mobilesdk\win32\5.1.1.GA\mobileweb\titanium/Ti/UI/TextField.js => C:\Aseem\Titanium\vault\build\mobileweb\titanium/Ti/UI/TextField.js
[DEBUG]  Copying C:\ProgramData\Titanium\mobilesdk\win32\5.1.1.GA\mobileweb\titanium/Ti/UI/View.js => C:\Aseem\Titanium\vault\build\mobileweb\titanium/Ti/UI/View.js
[DEBUG]  Copying C:\ProgramData\Titanium\mobilesdk\win32\5.1.1.GA\mobileweb\titanium/Ti/UI/WebView.js => C:\Aseem\Titanium\vault\build\mobileweb\titanium/Ti/UI/WebView.js
[DEBUG]  Copying C:\ProgramData\Titanium\mobilesdk\win32\5.1.1.GA\mobileweb\titanium/Ti/UI/Window.js => C:\Aseem\Titanium\vault\build\mobileweb\titanium/Ti/UI/Window.js
[DEBUG]  Copying C:\ProgramData\Titanium\mobilesdk\win32\5.1.1.GA\mobileweb\titanium/Ti/UI.js => C:\Aseem\Titanium\vault\build\mobileweb\titanium/Ti/UI.js
[DEBUG]  Copying C:\ProgramData\Titanium\mobilesdk\win32\5.1.1.GA\mobileweb\titanium/Ti/Utils.js => C:\Aseem\Titanium\vault\build\mobileweb\titanium/Ti/Utils.js
[DEBUG]  Copying C:\ProgramData\Titanium\mobilesdk\win32\5.1.1.GA\mobileweb\titanium/Ti/XML.js => C:\Aseem\Titanium\vault\build\mobileweb\titanium/Ti/XML.js
[DEBUG]  Copying C:\ProgramData\Titanium\mobilesdk\win32\5.1.1.GA\mobileweb\titanium/Ti/Yahoo.js => C:\Aseem\Titanium\vault\build\mobileweb\titanium/Ti/Yahoo.js
[DEBUG]  Copying C:\ProgramData\Titanium\mobilesdk\win32\5.1.1.GA\mobileweb\titanium/Ti/_/analytics.js => C:\Aseem\Titanium\vault\build\mobileweb\titanium/Ti/_/analytics.js
[DEBUG]  Copying C:\ProgramData\Titanium\mobilesdk\win32\5.1.1.GA\mobileweb\titanium/Ti/_/browser.js => C:\Aseem\Titanium\vault\build\mobileweb\titanium/Ti/_/browser.js
[DEBUG]  Copying C:\ProgramData\Titanium\mobilesdk\win32\5.1.1.GA\mobileweb\titanium/Ti/_/colors.js => C:\Aseem\Titanium\vault\build\mobileweb\titanium/Ti/_/colors.js
[DEBUG]  Copying C:\ProgramData\Titanium\mobilesdk\win32\5.1.1.GA\mobileweb\titanium/Ti/_/css.js => C:\Aseem\Titanium\vault\build\mobileweb\titanium/Ti/_/css.js
[DEBUG]  Copying C:\ProgramData\Titanium\mobilesdk\win32\5.1.1.GA\mobileweb\titanium/Ti/_/declare.js => C:\Aseem\Titanium\vault\build\mobileweb\titanium/Ti/_/declare.js
[DEBUG]  Copying C:\ProgramData\Titanium\mobilesdk\win32\5.1.1.GA\mobileweb\titanium/Ti/_/dom.js => C:\Aseem\Titanium\vault\build\mobileweb\titanium/Ti/_/dom.js
[DEBUG]  Copying C:\ProgramData\Titanium\mobilesdk\win32\5.1.1.GA\mobileweb\titanium/Ti/_/encoding.js => C:\Aseem\Titanium\vault\build\mobileweb\titanium/Ti/_/encoding.js
[DEBUG]  Copying C:\ProgramData\Titanium\mobilesdk\win32\5.1.1.GA\mobileweb\titanium/Ti/_/event.js => C:\Aseem\Titanium\vault\build\mobileweb\titanium/Ti/_/event.js
[DEBUG]  Copying C:\ProgramData\Titanium\mobilesdk\win32\5.1.1.GA\mobileweb\titanium/Ti/_/Evented.js => C:\Aseem\Titanium\vault\build\mobileweb\titanium/Ti/_/Evented.js
[DEBUG]  Copying C:\ProgramData\Titanium\mobilesdk\win32\5.1.1.GA\mobileweb\titanium/Ti/_/Filesystem/Local.js => C:\Aseem\Titanium\vault\build\mobileweb\titanium/Ti/_/Filesystem/Local.js
[DEBUG]  Copying C:\ProgramData\Titanium\mobilesdk\win32\5.1.1.GA\mobileweb\titanium/Ti/_/Gestures/DoubleTap.js => C:\Aseem\Titanium\vault\build\mobileweb\titanium/Ti/_/Gestures/DoubleTap.js
[DEBUG]  Copying C:\ProgramData\Titanium\mobilesdk\win32\5.1.1.GA\mobileweb\titanium/Ti/_/Gestures/Dragging.js => C:\Aseem\Titanium\vault\build\mobileweb\titanium/Ti/_/Gestures/Dragging.js
[DEBUG]  Copying C:\ProgramData\Titanium\mobilesdk\win32\5.1.1.GA\mobileweb\titanium/Ti/_/Gestures/LongPress.js => C:\Aseem\Titanium\vault\build\mobileweb\titanium/Ti/_/Gestures/LongPress.js
[DEBUG]  Copying C:\ProgramData\Titanium\mobilesdk\win32\5.1.1.GA\mobileweb\titanium/Ti/_/Gestures/Pinch.js => C:\Aseem\Titanium\vault\build\mobileweb\titanium/Ti/_/Gestures/Pinch.js
[DEBUG]  Copying C:\ProgramData\Titanium\mobilesdk\win32\5.1.1.GA\mobileweb\titanium/Ti/_/Gestures/SingleTap.js => C:\Aseem\Titanium\vault\build\mobileweb\titanium/Ti/_/Gestures/SingleTap.js
[DEBUG]  Copying C:\ProgramData\Titanium\mobilesdk\win32\5.1.1.GA\mobileweb\titanium/Ti/_/Gestures/Swipe.js => C:\Aseem\Titanium\vault\build\mobileweb\titanium/Ti/_/Gestures/Swipe.js
[DEBUG]  Copying C:\ProgramData\Titanium\mobilesdk\win32\5.1.1.GA\mobileweb\titanium/Ti/_/Gestures/TouchCancel.js => C:\Aseem\Titanium\vault\build\mobileweb\titanium/Ti/_/Gestures/TouchCancel.js
[DEBUG]  Copying C:\ProgramData\Titanium\mobilesdk\win32\5.1.1.GA\mobileweb\titanium/Ti/_/Gestures/TouchEnd.js => C:\Aseem\Titanium\vault\build\mobileweb\titanium/Ti/_/Gestures/TouchEnd.js
[DEBUG]  Copying C:\ProgramData\Titanium\mobilesdk\win32\5.1.1.GA\mobileweb\titanium/Ti/_/Gestures/TouchMove.js => C:\Aseem\Titanium\vault\build\mobileweb\titanium/Ti/_/Gestures/TouchMove.js
[DEBUG]  Copying C:\ProgramData\Titanium\mobilesdk\win32\5.1.1.GA\mobileweb\titanium/Ti/_/Gestures/TouchStart.js => C:\Aseem\Titanium\vault\build\mobileweb\titanium/Ti/_/Gestures/TouchStart.js
[DEBUG]  Copying C:\ProgramData\Titanium\mobilesdk\win32\5.1.1.GA\mobileweb\titanium/Ti/_/Gestures/TwoFingerTap.js => C:\Aseem\Titanium\vault\build\mobileweb\titanium/Ti/_/Gestures/TwoFingerTap.js
[DEBUG]  Copying C:\ProgramData\Titanium\mobilesdk\win32\5.1.1.GA\mobileweb\titanium/Ti/_/has.js => C:\Aseem\Titanium\vault\build\mobileweb\titanium/Ti/_/has.js
[DEBUG]  Copying C:\ProgramData\Titanium\mobilesdk\win32\5.1.1.GA\mobileweb\titanium/Ti/_/image.js => C:\Aseem\Titanium\vault\build\mobileweb\titanium/Ti/_/image.js
[DEBUG]  Copying C:\ProgramData\Titanium\mobilesdk\win32\5.1.1.GA\mobileweb\titanium/Ti/_/include.js => C:\Aseem\Titanium\vault\build\mobileweb\titanium/Ti/_/include.js
[DEBUG]  Copying C:\ProgramData\Titanium\mobilesdk\win32\5.1.1.GA\mobileweb\titanium/Ti/_/lang.js => C:\Aseem\Titanium\vault\build\mobileweb\titanium/Ti/_/lang.js
[DEBUG]  Copying C:\ProgramData\Titanium\mobilesdk\win32\5.1.1.GA\mobileweb\titanium/Ti/_/Layouts/Base.js => C:\Aseem\Titanium\vault\build\mobileweb\titanium/Ti/_/Layouts/Base.js
[DEBUG]  Copying C:\ProgramData\Titanium\mobilesdk\win32\5.1.1.GA\mobileweb\titanium/Ti/_/Layouts/Composite.js => C:\Aseem\Titanium\vault\build\mobileweb\titanium/Ti/_/Layouts/Composite.js
[DEBUG]  Copying C:\ProgramData\Titanium\mobilesdk\win32\5.1.1.GA\mobileweb\titanium/Ti/_/Layouts/ConstrainingHorizontal.js => C:\Aseem\Titanium\vault\build\mobileweb\titanium/Ti/_/Layouts/ConstrainingHorizontal.js
[DEBUG]  Copying C:\ProgramData\Titanium\mobilesdk\win32\5.1.1.GA\mobileweb\titanium/Ti/_/Layouts/ConstrainingVertical.js => C:\Aseem\Titanium\vault\build\mobileweb\titanium/Ti/_/Layouts/ConstrainingVertical.js
[DEBUG]  Copying C:\ProgramData\Titanium\mobilesdk\win32\5.1.1.GA\mobileweb\titanium/Ti/_/Layouts/Horizontal.js => C:\Aseem\Titanium\vault\build\mobileweb\titanium/Ti/_/Layouts/Horizontal.js
[DEBUG]  Copying C:\ProgramData\Titanium\mobilesdk\win32\5.1.1.GA\mobileweb\titanium/Ti/_/Layouts/Vertical.js => C:\Aseem\Titanium\vault\build\mobileweb\titanium/Ti/_/Layouts/Vertical.js
[DEBUG]  Copying C:\ProgramData\Titanium\mobilesdk\win32\5.1.1.GA\mobileweb\titanium/Ti/_/Layouts.js => C:\Aseem\Titanium\vault\build\mobileweb\titanium/Ti/_/Layouts.js
[DEBUG]  Copying C:\ProgramData\Titanium\mobilesdk\win32\5.1.1.GA\mobileweb\titanium/Ti/_/Map/Google.js => C:\Aseem\Titanium\vault\build\mobileweb\titanium/Ti/_/Map/Google.js
[DEBUG]  Copying C:\ProgramData\Titanium\mobilesdk\win32\5.1.1.GA\mobileweb\titanium/Ti/_/ready.js => C:\Aseem\Titanium\vault\build\mobileweb\titanium/Ti/_/ready.js
[DEBUG]  Copying C:\ProgramData\Titanium\mobilesdk\win32\5.1.1.GA\mobileweb\titanium/Ti/_/string.js => C:\Aseem\Titanium\vault\build\mobileweb\titanium/Ti/_/string.js
[DEBUG]  Copying C:\ProgramData\Titanium\mobilesdk\win32\5.1.1.GA\mobileweb\titanium/Ti/_/style.js => C:\Aseem\Titanium\vault\build\mobileweb\titanium/Ti/_/style.js
[DEBUG]  Copying C:\ProgramData\Titanium\mobilesdk\win32\5.1.1.GA\mobileweb\titanium/Ti/_/text.js => C:\Aseem\Titanium\vault\build\mobileweb\titanium/Ti/_/text.js
[DEBUG]  Copying C:\ProgramData\Titanium\mobilesdk\win32\5.1.1.GA\mobileweb\titanium/Ti/_/UI/blank.html => C:\Aseem\Titanium\vault\build\mobileweb\titanium/Ti/_/UI/blank.html
[DEBUG]  Copying C:\ProgramData\Titanium\mobilesdk\win32\5.1.1.GA\mobileweb\titanium/Ti/_/UI/Element.js => C:\Aseem\Titanium\vault\build\mobileweb\titanium/Ti/_/UI/Element.js
[DEBUG]  Copying C:\ProgramData\Titanium\mobilesdk\win32\5.1.1.GA\mobileweb\titanium/Ti/_/UI/FontWidget.js => C:\Aseem\Titanium\vault\build\mobileweb\titanium/Ti/_/UI/FontWidget.js
[DEBUG]  Copying C:\ProgramData\Titanium\mobilesdk\win32\5.1.1.GA\mobileweb\titanium/Ti/_/UI/KineticScrollView.js => C:\Aseem\Titanium\vault\build\mobileweb\titanium/Ti/_/UI/KineticScrollView.js
[DEBUG]  Copying C:\ProgramData\Titanium\mobilesdk\win32\5.1.1.GA\mobileweb\titanium/Ti/_/UI/SuperView.js => C:\Aseem\Titanium\vault\build\mobileweb\titanium/Ti/_/UI/SuperView.js
[DEBUG]  Copying C:\ProgramData\Titanium\mobilesdk\win32\5.1.1.GA\mobileweb\titanium/Ti/_/UI/TextBox.js => C:\Aseem\Titanium\vault\build\mobileweb\titanium/Ti/_/UI/TextBox.js
[DEBUG]  Copying C:\ProgramData\Titanium\mobilesdk\win32\5.1.1.GA\mobileweb\titanium/Ti/_/UI/WebViewBridge.js => C:\Aseem\Titanium\vault\build\mobileweb\titanium/Ti/_/UI/WebViewBridge.js
[DEBUG]  Copying C:\ProgramData\Titanium\mobilesdk\win32\5.1.1.GA\mobileweb\titanium/Ti/_/UI/Widget.js => C:\Aseem\Titanium\vault\build\mobileweb\titanium/Ti/_/UI/Widget.js
[DEBUG]  Copying C:\ProgramData\Titanium\mobilesdk\win32\5.1.1.GA\mobileweb\titanium/Ti/_.js => C:\Aseem\Titanium\vault\build\mobileweb\titanium/Ti/_.js
[DEBUG]  Copying C:\ProgramData\Titanium\mobilesdk\win32\5.1.1.GA\mobileweb\titanium/Ti.js => C:\Aseem\Titanium\vault\build\mobileweb\titanium/Ti.js
[DEBUG]  Copying C:\ProgramData\Titanium\mobilesdk\win32\5.1.1.GA\mobileweb\themes/common.css => C:\Aseem\Titanium\vault\build\mobileweb\themes/common.css
[DEBUG]  Copying C:\ProgramData\Titanium\mobilesdk\win32\5.1.1.GA\mobileweb\themes/default/default.css => C:\Aseem\Titanium\vault\build\mobileweb\themes/default/default.css
[DEBUG]  Copying C:\ProgramData\Titanium\mobilesdk\win32\5.1.1.GA\mobileweb\themes/default/Facebook/login.png => C:\Aseem\Titanium\vault\build\mobileweb\themes/default/Facebook/login.png
[DEBUG]  Copying C:\ProgramData\Titanium\mobilesdk\win32\5.1.1.GA\mobileweb\themes/default/Facebook/loginPressed.png => C:\Aseem\Titanium\vault\build\mobileweb\themes/default/Facebook/loginPressed.png
[DEBUG]  Copying C:\ProgramData\Titanium\mobilesdk\win32\5.1.1.GA\mobileweb\themes/default/Facebook/loginWide.png => C:\Aseem\Titanium\vault\build\mobileweb\themes/default/Facebook/loginWide.png
[DEBUG]  Copying C:\ProgramData\Titanium\mobilesdk\win32\5.1.1.GA\mobileweb\themes/default/Facebook/loginWidePressed.png => C:\Aseem\Titanium\vault\build\mobileweb\themes/default/Facebook/loginWidePressed.png
[DEBUG]  Copying C:\ProgramData\Titanium\mobilesdk\win32\5.1.1.GA\mobileweb\themes/default/Facebook/logout.png => C:\Aseem\Titanium\vault\build\mobileweb\themes/default/Facebook/logout.png
[DEBUG]  Copying C:\ProgramData\Titanium\mobilesdk\win32\5.1.1.GA\mobileweb\themes/default/Facebook/logoutPressed.png => C:\Aseem\Titanium\vault\build\mobileweb\themes/default/Facebook/logoutPressed.png
[DEBUG]  Copying C:\ProgramData\Titanium\mobilesdk\win32\5.1.1.GA\mobileweb\themes/default/Map/location.png => C:\Aseem\Titanium\vault\build\mobileweb\themes/default/Map/location.png
[DEBUG]  Copying C:\ProgramData\Titanium\mobilesdk\win32\5.1.1.GA\mobileweb\themes/default/Map/marker_green.png => C:\Aseem\Titanium\vault\build\mobileweb\themes/default/Map/marker_green.png
[DEBUG]  Copying C:\ProgramData\Titanium\mobilesdk\win32\5.1.1.GA\mobileweb\themes/default/Map/marker_purple.png => C:\Aseem\Titanium\vault\build\mobileweb\themes/default/Map/marker_purple.png
[DEBUG]  Copying C:\ProgramData\Titanium\mobilesdk\win32\5.1.1.GA\mobileweb\themes/default/Map/marker_red.png => C:\Aseem\Titanium\vault\build\mobileweb\themes/default/Map/marker_red.png
[DEBUG]  Copying C:\ProgramData\Titanium\mobilesdk\win32\5.1.1.GA\mobileweb\themes/default/UI/TableViewRow/check.png => C:\Aseem\Titanium\vault\build\mobileweb\themes/default/UI/TableViewRow/check.png
[DEBUG]  Copying C:\ProgramData\Titanium\mobilesdk\win32\5.1.1.GA\mobileweb\themes/default/UI/TableViewRow/child.png => C:\Aseem\Titanium\vault\build\mobileweb\themes/default/UI/TableViewRow/child.png
[DEBUG]  Copying C:\ProgramData\Titanium\mobilesdk\win32\5.1.1.GA\mobileweb\themes/default/UI/TableViewRow/detail.png => C:\Aseem\Titanium\vault\build\mobileweb\themes/default/UI/TableViewRow/detail.png
[DEBUG]  Copying C:\ProgramData\Titanium\mobilesdk\win32\5.1.1.GA\mobileweb\themes/default/UI/TableViewRow/detailActive.png => C:\Aseem\Titanium\vault\build\mobileweb\themes/default/UI/TableViewRow/detailActive.png
[DEBUG]  Copying C:\Aseem\Titanium\vault\Resources/app.js => C:\Aseem\Titanium\vault\build\mobileweb/app.js
[DEBUG]  Copying C:\Aseem\Titanium\vault\Resources/bank.js => C:\Aseem\Titanium\vault\build\mobileweb/bank.js
[DEBUG]  Copying C:\Aseem\Titanium\vault\Resources/KS_nav_ui.png => C:\Aseem\Titanium\vault\build\mobileweb/KS_nav_ui.png
[DEBUG]  Copying C:\Aseem\Titanium\vault\Resources/KS_nav_views.png => C:\Aseem\Titanium\vault\build\mobileweb/KS_nav_views.png
[DEBUG]  Copying C:\Aseem\Titanium\vault\Resources/secret1.jpg => C:\Aseem\Titanium\vault\build\mobileweb/secret1.jpg
[DEBUG]  Copying C:\Aseem\Titanium\vault\Resources\mobileweb/appicon.png => C:\Aseem\Titanium\vault\build\mobileweb/appicon.png
[DEBUG]  Copying C:\Aseem\Titanium\vault\Resources\mobileweb\apple_startup_images\Default.png => C:\Aseem\Titanium\vault\build\mobileweb\Default.png
[DEBUG]  Copying C:\Aseem\Titanium\vault\Resources\mobileweb\apple_startup_images\Default-Portrait.png => C:\Aseem\Titanium\vault\build\mobileweb\Default-Portrait.png
[DEBUG]  Copying C:\Aseem\Titanium\vault\Resources\mobileweb\apple_startup_images\Default-Landscape.png => C:\Aseem\Titanium\vault\build\mobileweb\Default-Landscape.png
[INFO]   Finding all Titanium API dependencies
[INFO]   Creating favicon and Apple touch icons
[DEBUG]  Copying C:\Aseem\Titanium\vault\Resources\secret1.jpg => C:\Aseem\Titanium\vault\build\mobileweb\secret1.jpg
[TRACE]  Resizing images: java -jar "C:\ProgramData\Titanium\mobilesdk\win32\5.1.1.GA\node_modules\node-appc\tools\resizer\resizer.jar" "C:\Aseem\Titanium\vault\Resources\secret1.jpg" "C:\Aseem\Titanium\vault\build\mobileweb\favicon.png" 16 16 "C:\Aseem\Titanium\vault\build\mobileweb\apple-touch-icon-precomposed.png" 57 57 "C:\Aseem\Titanium\vault\build\mobileweb\apple-touch-icon-57x57-precomposed.png" 57 57 "C:\Aseem\Titanium\vault\build\mobileweb\apple-touch-icon-72x72-precomposed.png" 72 72 "C:\Aseem\Titanium\vault\build\mobileweb\apple-touch-icon-114x114-precomposed.png" 114 114 "C:\Aseem\Titanium\vault\build\mobileweb\appicon144.png" 144 144
[INFO]   Finding all required modules to be cached
[INFO]   Finding all precached modules
[INFO]   Finding all precached images
[INFO]   Bundling Titanium Mobile Module ti.cloud
[INFO]   Finding all distinct cached modules
[INFO]   Found 113 dependencies, 2 packages, 113 modules
[INFO]   Assembling titanium.js
[INFO]   Processing splash screen
[INFO]   Assembling titanium.css
[INFO]   Analyzing JavaScript
[DEBUG]  Analyzing C:\Aseem\Titanium\vault\build\mobileweb\app.js
[DEBUG]  Analyzing C:\Aseem\Titanium\vault\build\mobileweb\bank.js
[DEBUG]  Analyzing C:\Aseem\Titanium\vault\build\mobileweb\modules\ti.cloud\example\app.js
[DEBUG]  Analyzing C:\Aseem\Titanium\vault\build\mobileweb\modules\ti.cloud\example\helper\Utils.js
[DEBUG]  Analyzing C:\Aseem\Titanium\vault\build\mobileweb\modules\ti.cloud\example\helper\WindowManager.js
[DEBUG]  Analyzing C:\Aseem\Titanium\vault\build\mobileweb\modules\ti.cloud\example\windows\accessControlLists\checkUser.js
[DEBUG]  Analyzing C:\Aseem\Titanium\vault\build\mobileweb\modules\ti.cloud\example\windows\accessControlLists\create.js
[DEBUG]  Analyzing C:\Aseem\Titanium\vault\build\mobileweb\modules\ti.cloud\example\windows\accessControlLists\selectUsers.js
[DEBUG]  Analyzing C:\Aseem\Titanium\vault\build\mobileweb\modules\ti.cloud\example\windows\accessControlLists\show.js
[DEBUG]  Analyzing C:\Aseem\Titanium\vault\build\mobileweb\modules\ti.cloud\example\windows\accessControlLists\table.js
[DEBUG]  Analyzing C:\Aseem\Titanium\vault\build\mobileweb\modules\ti.cloud\example\windows\accessControlLists\updateUsers.js
[DEBUG]  Analyzing C:\Aseem\Titanium\vault\build\mobileweb\modules\ti.cloud\example\windows\chats\query.js
[DEBUG]  Analyzing C:\Aseem\Titanium\vault\build\mobileweb\modules\ti.cloud\example\windows\chats\selectUsersForGroup.js
[DEBUG]  Analyzing C:\Aseem\Titanium\vault\build\mobileweb\modules\ti.cloud\example\windows\chats\showChatGroup.js
[DEBUG]  Analyzing C:\Aseem\Titanium\vault\build\mobileweb\modules\ti.cloud\example\windows\chats\table.js
[DEBUG]  Analyzing C:\Aseem\Titanium\vault\build\mobileweb\modules\ti.cloud\example\windows\checkins\create.js
[DEBUG]  Analyzing C:\Aseem\Titanium\vault\build\mobileweb\modules\ti.cloud\example\windows\checkins\query.js
[DEBUG]  Analyzing C:\Aseem\Titanium\vault\build\mobileweb\modules\ti.cloud\example\windows\checkins\remove.js
[DEBUG]  Analyzing C:\Aseem\Titanium\vault\build\mobileweb\modules\ti.cloud\example\windows\checkins\show.js
[DEBUG]  Analyzing C:\Aseem\Titanium\vault\build\mobileweb\modules\ti.cloud\example\windows\checkins\table.js
[DEBUG]  Analyzing C:\Aseem\Titanium\vault\build\mobileweb\modules\ti.cloud\example\windows\clients\geolocateMe.js
[DEBUG]  Analyzing C:\Aseem\Titanium\vault\build\mobileweb\modules\ti.cloud\example\windows\clients\geolocateParticular.js
[DEBUG]  Analyzing C:\Aseem\Titanium\vault\build\mobileweb\modules\ti.cloud\example\windows\clients\table.js
[DEBUG]  Analyzing C:\Aseem\Titanium\vault\build\mobileweb\modules\ti.cloud\example\windows\customObjects\create.js
[DEBUG]  Analyzing C:\Aseem\Titanium\vault\build\mobileweb\modules\ti.cloud\example\windows\customObjects\query.js
[DEBUG]  Analyzing C:\Aseem\Titanium\vault\build\mobileweb\modules\ti.cloud\example\windows\customObjects\remove.js
[DEBUG]  Analyzing C:\Aseem\Titanium\vault\build\mobileweb\modules\ti.cloud\example\windows\customObjects\table.js
[DEBUG]  Analyzing C:\Aseem\Titanium\vault\build\mobileweb\modules\ti.cloud\example\windows\customObjects\update.js
[DEBUG]  Analyzing C:\Aseem\Titanium\vault\build\mobileweb\modules\ti.cloud\example\windows\emails\table.js
[DEBUG]  Analyzing C:\Aseem\Titanium\vault\build\mobileweb\modules\ti.cloud\example\windows\events\create.js
[DEBUG]  Analyzing C:\Aseem\Titanium\vault\build\mobileweb\modules\ti.cloud\example\windows\events\query.js
[DEBUG]  Analyzing C:\Aseem\Titanium\vault\build\mobileweb\modules\ti.cloud\example\windows\events\queryOccurrences.js
[DEBUG]  Analyzing C:\Aseem\Titanium\vault\build\mobileweb\modules\ti.cloud\example\windows\events\remove.js
[DEBUG]  Analyzing C:\Aseem\Titanium\vault\build\mobileweb\modules\ti.cloud\example\windows\events\search.js
[DEBUG]  Analyzing C:\Aseem\Titanium\vault\build\mobileweb\modules\ti.cloud\example\windows\events\searchOccurrences.js
[DEBUG]  Analyzing C:\Aseem\Titanium\vault\build\mobileweb\modules\ti.cloud\example\windows\events\show.js
[DEBUG]  Analyzing C:\Aseem\Titanium\vault\build\mobileweb\modules\ti.cloud\example\windows\events\showOccurrences.js
[DEBUG]  Analyzing C:\Aseem\Titanium\vault\build\mobileweb\modules\ti.cloud\example\windows\events\table.js
[DEBUG]  Analyzing C:\Aseem\Titanium\vault\build\mobileweb\modules\ti.cloud\example\windows\events\update.js
[DEBUG]  Analyzing C:\Aseem\Titanium\vault\build\mobileweb\modules\ti.cloud\example\windows\files\create.js
[DEBUG]  Analyzing C:\Aseem\Titanium\vault\build\mobileweb\modules\ti.cloud\example\windows\files\query.js
[DEBUG]  Analyzing C:\Aseem\Titanium\vault\build\mobileweb\modules\ti.cloud\example\windows\files\remove.js
[DEBUG]  Analyzing C:\Aseem\Titanium\vault\build\mobileweb\modules\ti.cloud\example\windows\files\show.js
[DEBUG]  Analyzing C:\Aseem\Titanium\vault\build\mobileweb\modules\ti.cloud\example\windows\files\table.js
[DEBUG]  Analyzing C:\Aseem\Titanium\vault\build\mobileweb\modules\ti.cloud\example\windows\files\update.js
[DEBUG]  Analyzing C:\Aseem\Titanium\vault\build\mobileweb\modules\ti.cloud\example\windows\friends\add.js
[DEBUG]  Analyzing C:\Aseem\Titanium\vault\build\mobileweb\modules\ti.cloud\example\windows\friends\approve.js
[DEBUG]  Analyzing C:\Aseem\Titanium\vault\build\mobileweb\modules\ti.cloud\example\windows\friends\remove.js
[DEBUG]  Analyzing C:\Aseem\Titanium\vault\build\mobileweb\modules\ti.cloud\example\windows\friends\search.js
[DEBUG]  Analyzing C:\Aseem\Titanium\vault\build\mobileweb\modules\ti.cloud\example\windows\friends\searchUsers.js
[DEBUG]  Analyzing C:\Aseem\Titanium\vault\build\mobileweb\modules\ti.cloud\example\windows\friends\table.js
[DEBUG]  Analyzing C:\Aseem\Titanium\vault\build\mobileweb\modules\ti.cloud\example\windows\genericSendRequest.js
[DEBUG]  Analyzing C:\Aseem\Titanium\vault\build\mobileweb\modules\ti.cloud\example\windows\geoFences\create.js
[DEBUG]  Analyzing C:\Aseem\Titanium\vault\build\mobileweb\modules\ti.cloud\example\windows\geoFences\query.js
[DEBUG]  Analyzing C:\Aseem\Titanium\vault\build\mobileweb\modules\ti.cloud\example\windows\geoFences\remove.js
[DEBUG]  Analyzing C:\Aseem\Titanium\vault\build\mobileweb\modules\ti.cloud\example\windows\geoFences\table.js
[DEBUG]  Analyzing C:\Aseem\Titanium\vault\build\mobileweb\modules\ti.cloud\example\windows\geoFences\update.js
[DEBUG]  Analyzing C:\Aseem\Titanium\vault\build\mobileweb\modules\ti.cloud\example\windows\keyValues\table.js
[DEBUG]  Analyzing C:\Aseem\Titanium\vault\build\mobileweb\modules\ti.cloud\example\windows\likes\create.js
[DEBUG]  Analyzing C:\Aseem\Titanium\vault\build\mobileweb\modules\ti.cloud\example\windows\likes\remove.js
[DEBUG]  Analyzing C:\Aseem\Titanium\vault\build\mobileweb\modules\ti.cloud\example\windows\likes\table.js
[DEBUG]  Analyzing C:\Aseem\Titanium\vault\build\mobileweb\modules\ti.cloud\example\windows\messages\create.js
[DEBUG]  Analyzing C:\Aseem\Titanium\vault\build\mobileweb\modules\ti.cloud\example\windows\messages\remove.js
[DEBUG]  Analyzing C:\Aseem\Titanium\vault\build\mobileweb\modules\ti.cloud\example\windows\messages\removeThread.js
[DEBUG]  Analyzing C:\Aseem\Titanium\vault\build\mobileweb\modules\ti.cloud\example\windows\messages\reply.js
[DEBUG]  Analyzing C:\Aseem\Titanium\vault\build\mobileweb\modules\ti.cloud\example\windows\messages\selectUsers.js
[DEBUG]  Analyzing C:\Aseem\Titanium\vault\build\mobileweb\modules\ti.cloud\example\windows\messages\show.js
[DEBUG]  Analyzing C:\Aseem\Titanium\vault\build\mobileweb\modules\ti.cloud\example\windows\messages\showInbox.js
[DEBUG]  Analyzing C:\Aseem\Titanium\vault\build\mobileweb\modules\ti.cloud\example\windows\messages\showSent.js
[DEBUG]  Analyzing C:\Aseem\Titanium\vault\build\mobileweb\modules\ti.cloud\example\windows\messages\showThreadMessages.js
[DEBUG]  Analyzing C:\Aseem\Titanium\vault\build\mobileweb\modules\ti.cloud\example\windows\messages\showThreads.js
[DEBUG]  Analyzing C:\Aseem\Titanium\vault\build\mobileweb\modules\ti.cloud\example\windows\messages\table.js
[DEBUG]  Analyzing C:\Aseem\Titanium\vault\build\mobileweb\modules\ti.cloud\example\windows\photoCollections\create.js
[DEBUG]  Analyzing C:\Aseem\Titanium\vault\build\mobileweb\modules\ti.cloud\example\windows\photoCollections\remove.js
[DEBUG]  Analyzing C:\Aseem\Titanium\vault\build\mobileweb\modules\ti.cloud\example\windows\photoCollections\search.js
[DEBUG]  Analyzing C:\Aseem\Titanium\vault\build\mobileweb\modules\ti.cloud\example\windows\photoCollections\show.js
[DEBUG]  Analyzing C:\Aseem\Titanium\vault\build\mobileweb\modules\ti.cloud\example\windows\photoCollections\showPhotos.js
[DEBUG]  Analyzing C:\Aseem\Titanium\vault\build\mobileweb\modules\ti.cloud\example\windows\photoCollections\showSubcollections.js
[DEBUG]  Analyzing C:\Aseem\Titanium\vault\build\mobileweb\modules\ti.cloud\example\windows\photoCollections\table.js
[DEBUG]  Analyzing C:\Aseem\Titanium\vault\build\mobileweb\modules\ti.cloud\example\windows\photoCollections\update.js
[DEBUG]  Analyzing C:\Aseem\Titanium\vault\build\mobileweb\modules\ti.cloud\example\windows\photos\create.js
[DEBUG]  Analyzing C:\Aseem\Titanium\vault\build\mobileweb\modules\ti.cloud\example\windows\photos\query.js
[DEBUG]  Analyzing C:\Aseem\Titanium\vault\build\mobileweb\modules\ti.cloud\example\windows\photos\remove.js
[DEBUG]  Analyzing C:\Aseem\Titanium\vault\build\mobileweb\modules\ti.cloud\example\windows\photos\search.js
[DEBUG]  Analyzing C:\Aseem\Titanium\vault\build\mobileweb\modules\ti.cloud\example\windows\photos\show.js
[DEBUG]  Analyzing C:\Aseem\Titanium\vault\build\mobileweb\modules\ti.cloud\example\windows\photos\table.js
[DEBUG]  Analyzing C:\Aseem\Titanium\vault\build\mobileweb\modules\ti.cloud\example\windows\photos\update.js
[DEBUG]  Analyzing C:\Aseem\Titanium\vault\build\mobileweb\modules\ti.cloud\example\windows\places\create.js
[DEBUG]  Analyzing C:\Aseem\Titanium\vault\build\mobileweb\modules\ti.cloud\example\windows\places\query.js
[DEBUG]  Analyzing C:\Aseem\Titanium\vault\build\mobileweb\modules\ti.cloud\example\windows\places\remove.js
[DEBUG]  Analyzing C:\Aseem\Titanium\vault\build\mobileweb\modules\ti.cloud\example\windows\places\search.js
[DEBUG]  Analyzing C:\Aseem\Titanium\vault\build\mobileweb\modules\ti.cloud\example\windows\places\show.js
[DEBUG]  Analyzing C:\Aseem\Titanium\vault\build\mobileweb\modules\ti.cloud\example\windows\places\table.js
[DEBUG]  Analyzing C:\Aseem\Titanium\vault\build\mobileweb\modules\ti.cloud\example\windows\places\update.js
[DEBUG]  Analyzing C:\Aseem\Titanium\vault\build\mobileweb\modules\ti.cloud\example\windows\posts\create.js
[DEBUG]  Analyzing C:\Aseem\Titanium\vault\build\mobileweb\modules\ti.cloud\example\windows\posts\query.js
[DEBUG]  Analyzing C:\Aseem\Titanium\vault\build\mobileweb\modules\ti.cloud\example\windows\posts\remove.js
[DEBUG]  Analyzing C:\Aseem\Titanium\vault\build\mobileweb\modules\ti.cloud\example\windows\posts\show.js
[DEBUG]  Analyzing C:\Aseem\Titanium\vault\build\mobileweb\modules\ti.cloud\example\windows\posts\table.js
[DEBUG]  Analyzing C:\Aseem\Titanium\vault\build\mobileweb\modules\ti.cloud\example\windows\posts\update.js
[DEBUG]  Analyzing C:\Aseem\Titanium\vault\build\mobileweb\modules\ti.cloud\example\windows\pushNotifications\notify.js
[DEBUG]  Analyzing C:\Aseem\Titanium\vault\build\mobileweb\modules\ti.cloud\example\windows\pushNotifications\notifyTokens.js
[DEBUG]  Analyzing C:\Aseem\Titanium\vault\build\mobileweb\modules\ti.cloud\example\windows\pushNotifications\pushManager.js
[DEBUG]  Analyzing C:\Aseem\Titanium\vault\build\mobileweb\modules\ti.cloud\example\windows\pushNotifications\query.js
[DEBUG]  Analyzing C:\Aseem\Titanium\vault\build\mobileweb\modules\ti.cloud\example\windows\pushNotifications\queryChannels.js
[DEBUG]  Analyzing C:\Aseem\Titanium\vault\build\mobileweb\modules\ti.cloud\example\windows\pushNotifications\resetBadge.js
[DEBUG]  Analyzing C:\Aseem\Titanium\vault\build\mobileweb\modules\ti.cloud\example\windows\pushNotifications\setBadge.js
[DEBUG]  Analyzing C:\Aseem\Titanium\vault\build\mobileweb\modules\ti.cloud\example\windows\pushNotifications\settings.js
[DEBUG]  Analyzing C:\Aseem\Titanium\vault\build\mobileweb\modules\ti.cloud\example\windows\pushNotifications\showChannels.js
[DEBUG]  Analyzing C:\Aseem\Titanium\vault\build\mobileweb\modules\ti.cloud\example\windows\pushNotifications\subscribe.js
[DEBUG]  Analyzing C:\Aseem\Titanium\vault\build\mobileweb\modules\ti.cloud\example\windows\pushNotifications\subscribeToken.js
[DEBUG]  Analyzing C:\Aseem\Titanium\vault\build\mobileweb\modules\ti.cloud\example\windows\pushNotifications\table.js
[DEBUG]  Analyzing C:\Aseem\Titanium\vault\build\mobileweb\modules\ti.cloud\example\windows\pushNotifications\unsubscribe.js
[DEBUG]  Analyzing C:\Aseem\Titanium\vault\build\mobileweb\modules\ti.cloud\example\windows\pushNotifications\unsubscribeToken.js
[DEBUG]  Analyzing C:\Aseem\Titanium\vault\build\mobileweb\modules\ti.cloud\example\windows\pushNotifications\updateSubscription.js
[DEBUG]  Analyzing C:\Aseem\Titanium\vault\build\mobileweb\modules\ti.cloud\example\windows\pushSchedules\create.js
[DEBUG]  Analyzing C:\Aseem\Titanium\vault\build\mobileweb\modules\ti.cloud\example\windows\pushSchedules\query.js
[DEBUG]  Analyzing C:\Aseem\Titanium\vault\build\mobileweb\modules\ti.cloud\example\windows\pushSchedules\remove.js
[DEBUG]  Analyzing C:\Aseem\Titanium\vault\build\mobileweb\modules\ti.cloud\example\windows\pushSchedules\table.js
[DEBUG]  Analyzing C:\Aseem\Titanium\vault\build\mobileweb\modules\ti.cloud\example\windows\reviews\create.js
[DEBUG]  Analyzing C:\Aseem\Titanium\vault\build\mobileweb\modules\ti.cloud\example\windows\reviews\query.js
[DEBUG]  Analyzing C:\Aseem\Titanium\vault\build\mobileweb\modules\ti.cloud\example\windows\reviews\remove.js
[DEBUG]  Analyzing C:\Aseem\Titanium\vault\build\mobileweb\modules\ti.cloud\example\windows\reviews\show.js
[DEBUG]  Analyzing C:\Aseem\Titanium\vault\build\mobileweb\modules\ti.cloud\example\windows\reviews\table.js
[DEBUG]  Analyzing C:\Aseem\Titanium\vault\build\mobileweb\modules\ti.cloud\example\windows\reviews\update.js
[DEBUG]  Analyzing C:\Aseem\Titanium\vault\build\mobileweb\modules\ti.cloud\example\windows\social\externalLink.js
[DEBUG]  Analyzing C:\Aseem\Titanium\vault\build\mobileweb\modules\ti.cloud\example\windows\social\externalLogin.js
[DEBUG]  Analyzing C:\Aseem\Titanium\vault\build\mobileweb\modules\ti.cloud\example\windows\social\externalUnlink.js
[DEBUG]  Analyzing C:\Aseem\Titanium\vault\build\mobileweb\modules\ti.cloud\example\windows\social\searchFacebookFriends.js
[DEBUG]  Analyzing C:\Aseem\Titanium\vault\build\mobileweb\modules\ti.cloud\example\windows\social\table.js
[DEBUG]  Analyzing C:\Aseem\Titanium\vault\build\mobileweb\modules\ti.cloud\example\windows\status\create.js
[DEBUG]  Analyzing C:\Aseem\Titanium\vault\build\mobileweb\modules\ti.cloud\example\windows\status\query.js
[DEBUG]  Analyzing C:\Aseem\Titanium\vault\build\mobileweb\modules\ti.cloud\example\windows\status\remove.js
[DEBUG]  Analyzing C:\Aseem\Titanium\vault\build\mobileweb\modules\ti.cloud\example\windows\status\search.js
[DEBUG]  Analyzing C:\Aseem\Titanium\vault\build\mobileweb\modules\ti.cloud\example\windows\status\show.js
[DEBUG]  Analyzing C:\Aseem\Titanium\vault\build\mobileweb\modules\ti.cloud\example\windows\status\table.js
[DEBUG]  Analyzing C:\Aseem\Titanium\vault\build\mobileweb\modules\ti.cloud\example\windows\status\update.js
[DEBUG]  Analyzing C:\Aseem\Titanium\vault\build\mobileweb\modules\ti.cloud\example\windows\users\create.js
[DEBUG]  Analyzing C:\Aseem\Titanium\vault\build\mobileweb\modules\ti.cloud\example\windows\users\login.js
[DEBUG]  Analyzing C:\Aseem\Titanium\vault\build\mobileweb\modules\ti.cloud\example\windows\users\loginStatus.js
[DEBUG]  Analyzing C:\Aseem\Titanium\vault\build\mobileweb\modules\ti.cloud\example\windows\users\logout.js
[DEBUG]  Analyzing C:\Aseem\Titanium\vault\build\mobileweb\modules\ti.cloud\example\windows\users\query.js
[DEBUG]  Analyzing C:\Aseem\Titanium\vault\build\mobileweb\modules\ti.cloud\example\windows\users\remove.js
[DEBUG]  Analyzing C:\Aseem\Titanium\vault\build\mobileweb\modules\ti.cloud\example\windows\users\requestResetPassword.js
[DEBUG]  Analyzing C:\Aseem\Titanium\vault\build\mobileweb\modules\ti.cloud\example\windows\users\resendConfirmation.js
[DEBUG]  Analyzing C:\Aseem\Titanium\vault\build\mobileweb\modules\ti.cloud\example\windows\users\search.js
[DEBUG]  Analyzing C:\Aseem\Titanium\vault\build\mobileweb\modules\ti.cloud\example\windows\users\show.js
[DEBUG]  Analyzing C:\Aseem\Titanium\vault\build\mobileweb\modules\ti.cloud\example\windows\users\showMe.js
[DEBUG]  Analyzing C:\Aseem\Titanium\vault\build\mobileweb\modules\ti.cloud\example\windows\users\table.js
[DEBUG]  Analyzing C:\Aseem\Titanium\vault\build\mobileweb\modules\ti.cloud\example\windows\users\update.js
[DEBUG]  Analyzing C:\Aseem\Titanium\vault\build\mobileweb\modules\ti.cloud\ti.cloud.js
[DEBUG]  Analyzing C:\Aseem\Titanium\vault\build\mobileweb\titanium\Ti\API.js
[DEBUG]  Analyzing C:\Aseem\Titanium\vault\build\mobileweb\titanium\Ti\Accelerometer.js
[DEBUG]  Analyzing C:\Aseem\Titanium\vault\build\mobileweb\titanium\Ti\Analytics.js
[DEBUG]  Analyzing C:\Aseem\Titanium\vault\build\mobileweb\titanium\Ti\App\Properties.js
[DEBUG]  Analyzing C:\Aseem\Titanium\vault\build\mobileweb\titanium\Ti\App.js
[DEBUG]  Analyzing C:\Aseem\Titanium\vault\build\mobileweb\titanium\Ti\Blob.js
[DEBUG]  Analyzing C:\Aseem\Titanium\vault\build\mobileweb\titanium\Ti\BlobStream.js
[DEBUG]  Analyzing C:\Aseem\Titanium\vault\build\mobileweb\titanium\Ti\Buffer.js
[DEBUG]  Analyzing C:\Aseem\Titanium\vault\build\mobileweb\titanium\Ti\BufferStream.js
[DEBUG]  Analyzing C:\Aseem\Titanium\vault\build\mobileweb\titanium\Ti\Codec.js
[DEBUG]  Analyzing C:\Aseem\Titanium\vault\build\mobileweb\titanium\Ti\Facebook\LoginButton.js
[DEBUG]  Analyzing C:\Aseem\Titanium\vault\build\mobileweb\titanium\Ti\Facebook.js
[DEBUG]  Analyzing C:\Aseem\Titanium\vault\build\mobileweb\titanium\Ti\Filesystem\File.js
[DEBUG]  Analyzing C:\Aseem\Titanium\vault\build\mobileweb\titanium\Ti\Filesystem\FileStream.js
[DEBUG]  Analyzing C:\Aseem\Titanium\vault\build\mobileweb\titanium\Ti\Filesystem.js
[DEBUG]  Analyzing C:\Aseem\Titanium\vault\build\mobileweb\titanium\Ti\Geolocation.js
[DEBUG]  Analyzing C:\Aseem\Titanium\vault\build\mobileweb\titanium\Ti\Gesture.js
[DEBUG]  Analyzing C:\Aseem\Titanium\vault\build\mobileweb\titanium\Ti\IOStream.js
[DEBUG]  Analyzing C:\Aseem\Titanium\vault\build\mobileweb\titanium\Ti\Locale.js
[DEBUG]  Analyzing C:\Aseem\Titanium\vault\build\mobileweb\titanium\Ti\Map\Annotation.js
[DEBUG]  Analyzing C:\Aseem\Titanium\vault\build\mobileweb\titanium\Ti\Map\View.js
[DEBUG]  Analyzing C:\Aseem\Titanium\vault\build\mobileweb\titanium\Ti\Map.js
[DEBUG]  Analyzing C:\Aseem\Titanium\vault\build\mobileweb\titanium\Ti\Media\AudioPlayer.js
[DEBUG]  Analyzing C:\Aseem\Titanium\vault\build\mobileweb\titanium\Ti\Media\Sound.js
[DEBUG]  Analyzing C:\Aseem\Titanium\vault\build\mobileweb\titanium\Ti\Media\VideoPlayer.js
[DEBUG]  Analyzing C:\Aseem\Titanium\vault\build\mobileweb\titanium\Ti\Media.js
[DEBUG]  Analyzing C:\Aseem\Titanium\vault\build\mobileweb\titanium\Ti\Network\HTTPClient.js
[DEBUG]  Analyzing C:\Aseem\Titanium\vault\build\mobileweb\titanium\Ti\Network.js
[DEBUG]  Analyzing C:\Aseem\Titanium\vault\build\mobileweb\titanium\Ti\Platform\DisplayCaps.js
[DEBUG]  Analyzing C:\Aseem\Titanium\vault\build\mobileweb\titanium\Ti\Platform.js
[DEBUG]  Analyzing C:\Aseem\Titanium\vault\build\mobileweb\titanium\Ti\UI\2DMatrix.js
[DEBUG]  Analyzing C:\Aseem\Titanium\vault\build\mobileweb\titanium\Ti\UI\ActivityIndicator.js
[DEBUG]  Analyzing C:\Aseem\Titanium\vault\build\mobileweb\titanium\Ti\UI\ActivityIndicatorStyle.js
[DEBUG]  Analyzing C:\Aseem\Titanium\vault\build\mobileweb\titanium\Ti\UI\AlertDialog.js
[DEBUG]  Analyzing C:\Aseem\Titanium\vault\build\mobileweb\titanium\Ti\UI\Animation.js
[DEBUG]  Analyzing C:\Aseem\Titanium\vault\build\mobileweb\titanium\Ti\UI\Button.js
[DEBUG]  Analyzing C:\Aseem\Titanium\vault\build\mobileweb\titanium\Ti\UI\Clipboard.js
[DEBUG]  Analyzing C:\Aseem\Titanium\vault\build\mobileweb\titanium\Ti\UI\EmailDialog.js
[DEBUG]  Analyzing C:\Aseem\Titanium\vault\build\mobileweb\titanium\Ti\UI\ImageView.js
[DEBUG]  Analyzing C:\Aseem\Titanium\vault\build\mobileweb\titanium\Ti\UI\Label.js
[DEBUG]  Analyzing C:\Aseem\Titanium\vault\build\mobileweb\titanium\Ti\UI\MobileWeb\NavigationGroup.js
[DEBUG]  Analyzing C:\Aseem\Titanium\vault\build\mobileweb\titanium\Ti\UI\MobileWeb\TableViewSeparatorStyle.js
[DEBUG]  Analyzing C:\Aseem\Titanium\vault\build\mobileweb\titanium\Ti\UI\MobileWeb.js
[DEBUG]  Analyzing C:\Aseem\Titanium\vault\build\mobileweb\titanium\Ti\UI\OptionDialog.js
[DEBUG]  Analyzing C:\Aseem\Titanium\vault\build\mobileweb\titanium\Ti\UI\Picker.js
[DEBUG]  Analyzing C:\Aseem\Titanium\vault\build\mobileweb\titanium\Ti\UI\PickerColumn.js
[DEBUG]  Analyzing C:\Aseem\Titanium\vault\build\mobileweb\titanium\Ti\UI\PickerRow.js
[DEBUG]  Analyzing C:\Aseem\Titanium\vault\build\mobileweb\titanium\Ti\UI\ProgressBar.js
[DEBUG]  Analyzing C:\Aseem\Titanium\vault\build\mobileweb\titanium\Ti\UI\ScrollView.js
[DEBUG]  Analyzing C:\Aseem\Titanium\vault\build\mobileweb\titanium\Ti\UI\ScrollableView.js
[DEBUG]  Analyzing C:\Aseem\Titanium\vault\build\mobileweb\titanium\Ti\UI\Slider.js
[DEBUG]  Analyzing C:\Aseem\Titanium\vault\build\mobileweb\titanium\Ti\UI\Switch.js
[DEBUG]  Analyzing C:\Aseem\Titanium\vault\build\mobileweb\titanium\Ti\UI\Tab.js
[DEBUG]  Analyzing C:\Aseem\Titanium\vault\build\mobileweb\titanium\Ti\UI\TabGroup.js
[DEBUG]  Analyzing C:\Aseem\Titanium\vault\build\mobileweb\titanium\Ti\UI\TableView.js
[DEBUG]  Analyzing C:\Aseem\Titanium\vault\build\mobileweb\titanium\Ti\UI\TableViewRow.js
[DEBUG]  Analyzing C:\Aseem\Titanium\vault\build\mobileweb\titanium\Ti\UI\TableViewSection.js
[DEBUG]  Analyzing C:\Aseem\Titanium\vault\build\mobileweb\titanium\Ti\UI\TextArea.js
[DEBUG]  Analyzing C:\Aseem\Titanium\vault\build\mobileweb\titanium\Ti\UI\TextField.js
[DEBUG]  Analyzing C:\Aseem\Titanium\vault\build\mobileweb\titanium\Ti\UI\View.js
[DEBUG]  Analyzing C:\Aseem\Titanium\vault\build\mobileweb\titanium\Ti\UI\WebView.js
[DEBUG]  Analyzing C:\Aseem\Titanium\vault\build\mobileweb\titanium\Ti\UI\Window.js
[DEBUG]  Analyzing C:\Aseem\Titanium\vault\build\mobileweb\titanium\Ti\UI.js
[DEBUG]  Analyzing C:\Aseem\Titanium\vault\build\mobileweb\titanium\Ti\Utils.js
[DEBUG]  Analyzing C:\Aseem\Titanium\vault\build\mobileweb\titanium\Ti\XML.js
[DEBUG]  Analyzing C:\Aseem\Titanium\vault\build\mobileweb\titanium\Ti\Yahoo.js
[DEBUG]  Analyzing C:\Aseem\Titanium\vault\build\mobileweb\titanium\Ti\_\Evented.js
[DEBUG]  Analyzing C:\Aseem\Titanium\vault\build\mobileweb\titanium\Ti\_\Filesystem\Local.js
[DEBUG]  Analyzing C:\Aseem\Titanium\vault\build\mobileweb\titanium\Ti\_\Gestures\DoubleTap.js
[DEBUG]  Analyzing C:\Aseem\Titanium\vault\build\mobileweb\titanium\Ti\_\Gestures\Dragging.js
[DEBUG]  Analyzing C:\Aseem\Titanium\vault\build\mobileweb\titanium\Ti\_\Gestures\LongPress.js
[DEBUG]  Analyzing C:\Aseem\Titanium\vault\build\mobileweb\titanium\Ti\_\Gestures\Pinch.js
[DEBUG]  Analyzing C:\Aseem\Titanium\vault\build\mobileweb\titanium\Ti\_\Gestures\SingleTap.js
[DEBUG]  Analyzing C:\Aseem\Titanium\vault\build\mobileweb\titanium\Ti\_\Gestures\Swipe.js
[DEBUG]  Analyzing C:\Aseem\Titanium\vault\build\mobileweb\titanium\Ti\_\Gestures\TouchCancel.js
[DEBUG]  Analyzing C:\Aseem\Titanium\vault\build\mobileweb\titanium\Ti\_\Gestures\TouchEnd.js
[DEBUG]  Analyzing C:\Aseem\Titanium\vault\build\mobileweb\titanium\Ti\_\Gestures\TouchMove.js
[DEBUG]  Analyzing C:\Aseem\Titanium\vault\build\mobileweb\titanium\Ti\_\Gestures\TouchStart.js
[DEBUG]  Analyzing C:\Aseem\Titanium\vault\build\mobileweb\titanium\Ti\_\Gestures\TwoFingerTap.js
[DEBUG]  Analyzing C:\Aseem\Titanium\vault\build\mobileweb\titanium\Ti\_\Layouts\Base.js
[DEBUG]  Analyzing C:\Aseem\Titanium\vault\build\mobileweb\titanium\Ti\_\Layouts\Composite.js
[DEBUG]  Analyzing C:\Aseem\Titanium\vault\build\mobileweb\titanium\Ti\_\Layouts\ConstrainingHorizontal.js
[DEBUG]  Analyzing C:\Aseem\Titanium\vault\build\mobileweb\titanium\Ti\_\Layouts\ConstrainingVertical.js
[DEBUG]  Analyzing C:\Aseem\Titanium\vault\build\mobileweb\titanium\Ti\_\Layouts\Horizontal.js
[DEBUG]  Analyzing C:\Aseem\Titanium\vault\build\mobileweb\titanium\Ti\_\Layouts\Vertical.js
[DEBUG]  Analyzing C:\Aseem\Titanium\vault\build\mobileweb\titanium\Ti\_\Layouts.js
[DEBUG]  Analyzing C:\Aseem\Titanium\vault\build\mobileweb\titanium\Ti\_\Map\Google.js
[DEBUG]  Analyzing C:\Aseem\Titanium\vault\build\mobileweb\titanium\Ti\_\UI\Element.js
[DEBUG]  Analyzing C:\Aseem\Titanium\vault\build\mobileweb\titanium\Ti\_\UI\FontWidget.js
[DEBUG]  Analyzing C:\Aseem\Titanium\vault\build\mobileweb\titanium\Ti\_\UI\KineticScrollView.js
[DEBUG]  Analyzing C:\Aseem\Titanium\vault\build\mobileweb\titanium\Ti\_\UI\SuperView.js
[DEBUG]  Analyzing C:\Aseem\Titanium\vault\build\mobileweb\titanium\Ti\_\UI\TextBox.js
[DEBUG]  Analyzing C:\Aseem\Titanium\vault\build\mobileweb\titanium\Ti\_\UI\WebViewBridge.js
[DEBUG]  Analyzing C:\Aseem\Titanium\vault\build\mobileweb\titanium\Ti\_\UI\Widget.js
[DEBUG]  Analyzing C:\Aseem\Titanium\vault\build\mobileweb\titanium\Ti\_\analytics.js
[DEBUG]  Analyzing C:\Aseem\Titanium\vault\build\mobileweb\titanium\Ti\_\browser.js
[DEBUG]  Analyzing C:\Aseem\Titanium\vault\build\mobileweb\titanium\Ti\_\colors.js
[DEBUG]  Analyzing C:\Aseem\Titanium\vault\build\mobileweb\titanium\Ti\_\css.js
[DEBUG]  Analyzing C:\Aseem\Titanium\vault\build\mobileweb\titanium\Ti\_\declare.js
[DEBUG]  Analyzing C:\Aseem\Titanium\vault\build\mobileweb\titanium\Ti\_\dom.js
[DEBUG]  Analyzing C:\Aseem\Titanium\vault\build\mobileweb\titanium\Ti\_\encoding.js
[DEBUG]  Analyzing C:\Aseem\Titanium\vault\build\mobileweb\titanium\Ti\_\event.js
[DEBUG]  Analyzing C:\Aseem\Titanium\vault\build\mobileweb\titanium\Ti\_\has.js
[DEBUG]  Analyzing C:\Aseem\Titanium\vault\build\mobileweb\titanium\Ti\_\image.js
[DEBUG]  Analyzing C:\Aseem\Titanium\vault\build\mobileweb\titanium\Ti\_\include.js
[DEBUG]  Analyzing C:\Aseem\Titanium\vault\build\mobileweb\titanium\Ti\_\lang.js
[DEBUG]  Analyzing C:\Aseem\Titanium\vault\build\mobileweb\titanium\Ti\_\ready.js
[DEBUG]  Analyzing C:\Aseem\Titanium\vault\build\mobileweb\titanium\Ti\_\string.js
[DEBUG]  Analyzing C:\Aseem\Titanium\vault\build\mobileweb\titanium\Ti\_\style.js
[DEBUG]  Analyzing C:\Aseem\Titanium\vault\build\mobileweb\titanium\Ti\_\text.js
[DEBUG]  Analyzing C:\Aseem\Titanium\vault\build\mobileweb\titanium\Ti\_.js
[DEBUG]  Analyzing C:\Aseem\Titanium\vault\build\mobileweb\titanium\Ti.js
[DEBUG]  Analyzing C:\Aseem\Titanium\vault\build\mobileweb\titanium.js
[INFO]   Creating the filesystem registry
[INFO]   Creating the index.html
[INFO]   Project built successfully in 10s 739ms
